<?xml version="1.0" encoding="UTF-8"?>
<!-- Generated by org.testng.reporters.JUnitXMLReporter -->
<testsuite ignored="0" hostname="DESKTOP-V361U5G" failures="1" tests="12" name="Parallel Test" time="554.926" errors="0" timestamp="2025-01-19T23:45:17 IST">
  <testcase classname="conceptsontestng.ParallelExecutionInTestNG" name="test2" time="90.43"/>
  <testcase classname="conceptsontestng.ParallelExecutionInTestNG" name="test1" time="94.457"/>
  <testcase classname="conceptsontestng.ParallelExecutionInTestNG" name="test0" time="104.212"/>
  <testcase classname="conceptsontestng.ParallelExecutionInTestNG" name="test3" time="52.318"/>
  <testcase classname="conceptsontestng.ParallelExecutionTestNGEdge" name="test0" time="66.62"/>
  <testcase classname="conceptsontestng.ParallelExecutionTestNGEdge" name="test1" time="99.741"/>
  <testcase classname="conceptsontestng.ParallelExecutionInTestNG" name="test4" time="218.647">
    <failure type="org.openqa.selenium.TimeoutException" message="java.util.concurrent.TimeoutException
Build info: version: &amp;apos;4.26.0&amp;apos;, revision: &amp;apos;8ccf0219d7&amp;apos;
System info: os.name: &amp;apos;Windows 10&amp;apos;, os.arch: &amp;apos;amd64&amp;apos;, os.version: &amp;apos;10.0&amp;apos;, java.version: &amp;apos;17.0.9&amp;apos;
Driver info: org.openqa.selenium.chrome.ChromeDriver
Command: [baf5bee917240b29163f5e4bfb876afc, get {url=https://www.tickertape.in/screener/mutual-fund}]
Capabilities {acceptInsecureCerts: false, browserName: chrome, browserVersion: 131.0.6778.265, chrome: {chromedriverVersion: 131.0.6778.264 (2d05e315153..., userDataDir: C:\Users\hp\AppData\Local\T...}, fedcm:accounts: true, goog:chromeOptions: {debuggerAddress: localhost:58569}, networkConnectionEnabled: false, pageLoadStrategy: normal, platformName: windows, proxy: Proxy(), se:cdp: ws://localhost:58569/devtoo..., se:cdpVersion: 131.0.6778.265, setWindowRect: true, strictFileInteractability: false, timeouts: {implicit: 0, pageLoad: 300000, script: 30000}, unhandledPromptBehavior: dismiss and notify, webauthn:extension:credBlob: true, webauthn:extension:largeBlob: true, webauthn:extension:minPinLength: true, webauthn:extension:prf: true, webauthn:virtualAuthenticators: true}
Session ID: baf5bee917240b29163f5e4bfb876afc">
      <![CDATA[org.openqa.selenium.TimeoutException: java.util.concurrent.TimeoutException
Build info: version: '4.26.0', revision: '8ccf0219d7'
System info: os.name: 'Windows 10', os.arch: 'amd64', os.version: '10.0', java.version: '17.0.9'
Driver info: org.openqa.selenium.chrome.ChromeDriver
Command: [baf5bee917240b29163f5e4bfb876afc, get {url=https://www.tickertape.in/screener/mutual-fund}]
Capabilities {acceptInsecureCerts: false, browserName: chrome, browserVersion: 131.0.6778.265, chrome: {chromedriverVersion: 131.0.6778.264 (2d05e315153..., userDataDir: C:\Users\hp\AppData\Local\T...}, fedcm:accounts: true, goog:chromeOptions: {debuggerAddress: localhost:58569}, networkConnectionEnabled: false, pageLoadStrategy: normal, platformName: windows, proxy: Proxy(), se:cdp: ws://localhost:58569/devtoo..., se:cdpVersion: 131.0.6778.265, setWindowRect: true, strictFileInteractability: false, timeouts: {implicit: 0, pageLoad: 300000, script: 30000}, unhandledPromptBehavior: dismiss and notify, webauthn:extension:credBlob: true, webauthn:extension:largeBlob: true, webauthn:extension:minPinLength: true, webauthn:extension:prf: true, webauthn:virtualAuthenticators: true}
Session ID: baf5bee917240b29163f5e4bfb876afc
at org.openqa.selenium.remote.http.jdk.JdkHttpClient.execute(JdkHttpClient.java:422)
at org.openqa.selenium.remote.HttpCommandExecutor.execute(HttpCommandExecutor.java:187)
at org.openqa.selenium.remote.service.DriverCommandExecutor.invokeExecute(DriverCommandExecutor.java:216)
at org.openqa.selenium.remote.service.DriverCommandExecutor.execute(DriverCommandExecutor.java:174)
at org.openqa.selenium.remote.RemoteWebDriver.execute(RemoteWebDriver.java:545)
at org.openqa.selenium.remote.RemoteWebDriver.get(RemoteWebDriver.java:313)
at conceptsontestng.ParallelExecutionInTestNG.test4(ParallelExecutionInTestNG.java:44)
at java.base/java.util.concurrent.ThreadPoolExecutor.runWorker(ThreadPoolExecutor.java:1136)
at java.base/java.util.concurrent.ThreadPoolExecutor$Worker.run(ThreadPoolExecutor.java:635)
at java.base/java.lang.Thread.run(Thread.java:842)
Caused by: java.util.concurrent.TimeoutException
at java.base/java.util.concurrent.CompletableFuture$Timeout.run(CompletableFuture.java:2874)
at java.base/java.util.concurrent.Executors$RunnableAdapter.call(Executors.java:539)
at java.base/java.util.concurrent.FutureTask.run(FutureTask.java:264)
at java.base/java.util.concurrent.ScheduledThreadPoolExecutor$ScheduledFutureTask.run(ScheduledThreadPoolExecutor.java:304)
... 3 more
... Removed 12 stack frames]]>
    </failure>
  </testcase> <!-- test4 -->
  <testcase classname="conceptsontestng.ParallelExecutionInTestNG" name="test5" time="222.725"/>
  <testcase classname="conceptsontestng.ParallelExecutionTestNGEdge" name="test3" time="87.901"/>
  <testcase classname="conceptsontestng.ParallelExecutionTestNGEdge" name="test2" time="95.136"/>
  <testcase classname="conceptsontestng.ParallelExecutionTestNGEdge" name="test4" time="152.695"/>
  <testcase classname="conceptsontestng.ParallelExecutionTestNGEdge" name="test5" time="153.423"/>
</testsuite> <!-- Parallel Test -->
