<html>
<head>
<title>TestNG:  Parallel Test</title>
<link href="../testng.css" rel="stylesheet" type="text/css" />
<link href="../my-testng.css" rel="stylesheet" type="text/css" />

<style type="text/css">
.log { display: none;} 
.stack-trace { display: none;} 
</style>
<script type="text/javascript">
<!--
function flip(e) {
  current = e.style.display;
  if (current == 'block') {
    e.style.display = 'none';
    return 0;
  }
  else {
    e.style.display = 'block';
    return 1;
  }
}

function toggleBox(szDivId, elem, msg1, msg2)
{
  var res = -1;  if (document.getElementById) {
    res = flip(document.getElementById(szDivId));
  }
  else if (document.all) {
    // this is the way old msie versions work
    res = flip(document.all[szDivId]);
  }
  if(elem) {
    if(res == 0) elem.innerHTML = msg1; else elem.innerHTML = msg2;
  }

}

function toggleAllBoxes() {
  if (document.getElementsByTagName) {
    d = document.getElementsByTagName('div');
    for (i = 0; i < d.length; i++) {
      if (d[i].className == 'log') {
        flip(d[i]);
      }
    }
  }
}

// -->
</script>

</head>
<body>
<h2 align='center'>Parallel Test</h2><table border='1' align="center">
<tr>
<td>Tests passed/Failed/Skipped:</td><td>11/1/0</td>
</tr><tr>
<td>Started on:</td><td>Sun Jan 19 23:36:01 IST 2025</td>
</tr>
<tr><td>Total time:</td><td>554 seconds (554926 ms)</td>
</tr><tr>
<td>Included groups:</td><td></td>
</tr><tr>
<td>Excluded groups:</td><td></td>
</tr>
</table><p/>
<small><i>(Hover the method name to see the test class name)</i></small><p/>
<table width='100%' border='1' class='invocation-failed'>
<tr><td colspan='4' align='center'><b>FAILED TESTS</b></td></tr>
<tr><td><b>Test method</b></td>
<td width="30%"><b>Exception</b></td>
<td width="10%"><b>Time (seconds)</b></td>
<td><b>Instance</b></td>
</tr>
<tr>
<td title='conceptsontestng.ParallelExecutionInTestNG.test4()'><b>test4</b><br>Test class: conceptsontestng.ParallelExecutionInTestNG</td>
<td><div><pre>org.openqa.selenium.TimeoutException: java.util.concurrent.TimeoutException
Build info: version: &apos;4.26.0&apos;, revision: &apos;8ccf0219d7&apos;
System info: os.name: &apos;Windows 10&apos;, os.arch: &apos;amd64&apos;, os.version: &apos;10.0&apos;, java.version: &apos;17.0.9&apos;
Driver info: org.openqa.selenium.chrome.ChromeDriver
Command: [baf5bee917240b29163f5e4bfb876afc, get {url=https://www.tickertape.in/screener/mutual-fund}]
Capabilities {acceptInsecureCerts: false, browserName: chrome, browserVersion: 131.0.6778.265, chrome: {chromedriverVersion: 131.0.6778.264 (2d05e315153..., userDataDir: C:\Users\hp\AppData\Local\T...}, fedcm:accounts: true, goog:chromeOptions: {debuggerAddress: localhost:58569}, networkConnectionEnabled: false, pageLoadStrategy: normal, platformName: windows, proxy: Proxy(), se:cdp: ws://localhost:58569/devtoo..., se:cdpVersion: 131.0.6778.265, setWindowRect: true, strictFileInteractability: false, timeouts: {implicit: 0, pageLoad: 300000, script: 30000}, unhandledPromptBehavior: dismiss and notify, webauthn:extension:credBlob: true, webauthn:extension:largeBlob: true, webauthn:extension:minPinLength: true, webauthn:extension:prf: true, webauthn:virtualAuthenticators: true}
Session ID: baf5bee917240b29163f5e4bfb876afc
	at org.openqa.selenium.remote.http.jdk.JdkHttpClient.execute(JdkHttpClient.java:422)
	at org.openqa.selenium.remote.HttpCommandExecutor.execute(HttpCommandExecutor.java:187)
	at org.openqa.selenium.remote.service.DriverCommandExecutor.invokeExecute(DriverCommandExecutor.java:216)
	at org.openqa.selenium.remote.service.DriverCommandExecutor.execute(DriverCommandExecutor.java:174)
	at org.openqa.selenium.remote.RemoteWebDriver.execute(RemoteWebDriver.java:545)
	at org.openqa.selenium.remote.RemoteWebDriver.get(RemoteWebDriver.java:313)
	at conceptsontestng.ParallelExecutionInTestNG.test4(ParallelExecutionInTestNG.java:44)
	at java.base/java.util.concurrent.ThreadPoolExecutor.runWorker(ThreadPoolExecutor.java:1136)
	at java.base/java.util.concurrent.ThreadPoolExecutor$Worker.run(ThreadPoolExecutor.java:635)
	at java.base/java.lang.Thread.run(Thread.java:842)
Caused by: java.util.concurrent.TimeoutException
	at java.base/java.util.concurrent.CompletableFuture$Timeout.run(CompletableFuture.java:2874)
	at java.base/java.util.concurrent.Executors$RunnableAdapter.call(Executors.java:539)
	at java.base/java.util.concurrent.FutureTask.run(FutureTask.java:264)
	at java.base/java.util.concurrent.ScheduledThreadPoolExecutor$ScheduledFutureTask.run(ScheduledThreadPoolExecutor.java:304)
	... 3 more
... Removed 12 stack frames</pre></div><a href='#' onClick='toggleBox("stack-trace912921827", this, "Click to show all stack frames", "Click to hide stack frames")'>Click to show all stack frames</a>
<div class='stack-trace' id='stack-trace912921827'><pre>org.openqa.selenium.TimeoutException: java.util.concurrent.TimeoutException
Build info: version: &apos;4.26.0&apos;, revision: &apos;8ccf0219d7&apos;
System info: os.name: &apos;Windows 10&apos;, os.arch: &apos;amd64&apos;, os.version: &apos;10.0&apos;, java.version: &apos;17.0.9&apos;
Driver info: org.openqa.selenium.chrome.ChromeDriver
Command: [baf5bee917240b29163f5e4bfb876afc, get {url=https://www.tickertape.in/screener/mutual-fund}]
Capabilities {acceptInsecureCerts: false, browserName: chrome, browserVersion: 131.0.6778.265, chrome: {chromedriverVersion: 131.0.6778.264 (2d05e315153..., userDataDir: C:\Users\hp\AppData\Local\T...}, fedcm:accounts: true, goog:chromeOptions: {debuggerAddress: localhost:58569}, networkConnectionEnabled: false, pageLoadStrategy: normal, platformName: windows, proxy: Proxy(), se:cdp: ws://localhost:58569/devtoo..., se:cdpVersion: 131.0.6778.265, setWindowRect: true, strictFileInteractability: false, timeouts: {implicit: 0, pageLoad: 300000, script: 30000}, unhandledPromptBehavior: dismiss and notify, webauthn:extension:credBlob: true, webauthn:extension:largeBlob: true, webauthn:extension:minPinLength: true, webauthn:extension:prf: true, webauthn:virtualAuthenticators: true}
Session ID: baf5bee917240b29163f5e4bfb876afc
	at org.openqa.selenium.remote.http.jdk.JdkHttpClient.execute(JdkHttpClient.java:422)
	at org.openqa.selenium.remote.HttpCommandExecutor.execute(HttpCommandExecutor.java:187)
	at org.openqa.selenium.remote.service.DriverCommandExecutor.invokeExecute(DriverCommandExecutor.java:216)
	at org.openqa.selenium.remote.service.DriverCommandExecutor.execute(DriverCommandExecutor.java:174)
	at org.openqa.selenium.remote.RemoteWebDriver.execute(RemoteWebDriver.java:545)
	at org.openqa.selenium.remote.RemoteWebDriver.get(RemoteWebDriver.java:313)
	at conceptsontestng.ParallelExecutionInTestNG.test4(ParallelExecutionInTestNG.java:44)
	at java.base/jdk.internal.reflect.NativeMethodAccessorImpl.invoke0(Native Method)
	at java.base/jdk.internal.reflect.NativeMethodAccessorImpl.invoke(NativeMethodAccessorImpl.java:77)
	at java.base/jdk.internal.reflect.DelegatingMethodAccessorImpl.invoke(DelegatingMethodAccessorImpl.java:43)
	at java.base/java.lang.reflect.Method.invoke(Method.java:568)
	at org.testng.internal.MethodInvocationHelper.invokeMethod(MethodInvocationHelper.java:133)
	at org.testng.internal.TestInvoker.invokeMethod(TestInvoker.java:598)
	at org.testng.internal.TestInvoker.invokeTestMethod(TestInvoker.java:173)
	at org.testng.internal.MethodRunner.runInSequence(MethodRunner.java:46)
	at org.testng.internal.TestInvoker$MethodInvocationAgent.invoke(TestInvoker.java:824)
	at org.testng.internal.TestInvoker.invokeTestMethods(TestInvoker.java:146)
	at org.testng.internal.TestMethodWorker.invokeTestMethods(TestMethodWorker.java:146)
	at org.testng.internal.TestMethodWorker.run(TestMethodWorker.java:128)
	at java.base/java.util.concurrent.ThreadPoolExecutor.runWorker(ThreadPoolExecutor.java:1136)
	at java.base/java.util.concurrent.ThreadPoolExecutor$Worker.run(ThreadPoolExecutor.java:635)
	at java.base/java.lang.Thread.run(Thread.java:842)
Caused by: java.util.concurrent.TimeoutException
	at java.base/java.util.concurrent.CompletableFuture$Timeout.run(CompletableFuture.java:2874)
	at java.base/java.util.concurrent.Executors$RunnableAdapter.call(Executors.java:539)
	at java.base/java.util.concurrent.FutureTask.run(FutureTask.java:264)
	at java.base/java.util.concurrent.ScheduledThreadPoolExecutor$ScheduledFutureTask.run(ScheduledThreadPoolExecutor.java:304)
	... 3 more
</pre></div></td>
<td>218</td>
<td>conceptsontestng.ParallelExecutionInTestNG@1cbbffcd</td></tr>
</table><p>
<table width='100%' border='1' class='invocation-passed'>
<tr><td colspan='4' align='center'><b>PASSED TESTS</b></td></tr>
<tr><td><b>Test method</b></td>
<td width="30%"><b>Exception</b></td>
<td width="10%"><b>Time (seconds)</b></td>
<td><b>Instance</b></td>
</tr>
<tr>
<td title='conceptsontestng.ParallelExecutionInTestNG.test3()'><b>test3</b><br>Test class: conceptsontestng.ParallelExecutionInTestNG</td>
<td></td>
<td>52</td>
<td>conceptsontestng.ParallelExecutionInTestNG@1cbbffcd</td></tr>
<tr>
<td title='conceptsontestng.ParallelExecutionTestNGEdge.test0()'><b>test0</b><br>Test class: conceptsontestng.ParallelExecutionTestNGEdge</td>
<td></td>
<td>66</td>
<td>conceptsontestng.ParallelExecutionTestNGEdge@188715b5</td></tr>
<tr>
<td title='conceptsontestng.ParallelExecutionTestNGEdge.test1()'><b>test1</b><br>Test class: conceptsontestng.ParallelExecutionTestNGEdge</td>
<td></td>
<td>99</td>
<td>conceptsontestng.ParallelExecutionTestNGEdge@188715b5</td></tr>
<tr>
<td title='conceptsontestng.ParallelExecutionTestNGEdge.test3()'><b>test3</b><br>Test class: conceptsontestng.ParallelExecutionTestNGEdge</td>
<td></td>
<td>87</td>
<td>conceptsontestng.ParallelExecutionTestNGEdge@188715b5</td></tr>
<tr>
<td title='conceptsontestng.ParallelExecutionTestNGEdge.test2()'><b>test2</b><br>Test class: conceptsontestng.ParallelExecutionTestNGEdge</td>
<td></td>
<td>95</td>
<td>conceptsontestng.ParallelExecutionTestNGEdge@188715b5</td></tr>
<tr>
<td title='conceptsontestng.ParallelExecutionTestNGEdge.test4()'><b>test4</b><br>Test class: conceptsontestng.ParallelExecutionTestNGEdge</td>
<td></td>
<td>152</td>
<td>conceptsontestng.ParallelExecutionTestNGEdge@188715b5</td></tr>
<tr>
<td title='conceptsontestng.ParallelExecutionInTestNG.test2()'><b>test2</b><br>Test class: conceptsontestng.ParallelExecutionInTestNG</td>
<td></td>
<td>90</td>
<td>conceptsontestng.ParallelExecutionInTestNG@1cbbffcd</td></tr>
<tr>
<td title='conceptsontestng.ParallelExecutionInTestNG.test1()'><b>test1</b><br>Test class: conceptsontestng.ParallelExecutionInTestNG</td>
<td></td>
<td>94</td>
<td>conceptsontestng.ParallelExecutionInTestNG@1cbbffcd</td></tr>
<tr>
<td title='conceptsontestng.ParallelExecutionInTestNG.test0()'><b>test0</b><br>Test class: conceptsontestng.ParallelExecutionInTestNG</td>
<td></td>
<td>104</td>
<td>conceptsontestng.ParallelExecutionInTestNG@1cbbffcd</td></tr>
<tr>
<td title='conceptsontestng.ParallelExecutionInTestNG.test5()'><b>test5</b><br>Test class: conceptsontestng.ParallelExecutionInTestNG</td>
<td></td>
<td>222</td>
<td>conceptsontestng.ParallelExecutionInTestNG@1cbbffcd</td></tr>
<tr>
<td title='conceptsontestng.ParallelExecutionTestNGEdge.test5()'><b>test5</b><br>Test class: conceptsontestng.ParallelExecutionTestNGEdge</td>
<td></td>
<td>153</td>
<td>conceptsontestng.ParallelExecutionTestNGEdge@188715b5</td></tr>
</table><p>
</body>
</html>